(0000) 3000  0011000000000000 (   1)                 .ORIG x3000
(3000) E01F  1110000000011111 (   8)                 LEA   R0 Pr1
(3001) F022  1111000000100010 (   9)                 TRAP  x22
(3002) 5020  0101000000100000 (  13)                 AND   R0 R0 #0
(3003) 1021  0001000000100001 (  14)                 ADD   R0 R0 #1
(3004) A217  1010001000010111 (  15)                 LDI   R1 Signed
(3005) 4889  0100100010001001 (  16)                 JSR   PrntDec
(3006) E054  1110000001010100 (  17)                 LEA   R0 Newline
(3007) F022  1111000000100010 (  18)                 TRAP  x22
(3008) E028  1110000000101000 (  21)                 LEA   R0 Pr2
(3009) F022  1111000000100010 (  22)                 TRAP  x22
(300A) 5020  0101000000100000 (  26)                 AND   R0 R0 #0
(300B) A211  1010001000010001 (  27)                 LDI   R1 Unsignd
(300C) 4882  0100100010000010 (  28)                 JSR   PrntDec
(300D) E04D  1110000001001101 (  29)                 LEA   R0 Newline
(300E) F022  1111000000100010 (  30)                 TRAP  x22
(300F) E034  1110000000110100 (  33)                 LEA   R0 Pr3
(3010) F022  1111000000100010 (  34)                 TRAP  x22
(3011) 200C  0010000000001100 (  35)                 LD    R0 String
(3012) F022  1111000000100010 (  36)                 TRAP  x22
(3013) E047  1110000001000111 (  37)                 LEA   R0 Newline
(3014) F022  1111000000100010 (  38)                 TRAP  x22
(3015) E037  1110000000110111 (  41)                 LEA   R0 Pr4
(3016) F022  1111000000100010 (  42)                 TRAP  x22
(3017) 2007  0010000000000111 (  46)                 LD    R0 List
(3018) 4844  0100100001000100 (  47)                 JSR   PrntList
(3019) E041  1110000001000001 (  48)                 LEA   R0 Newline
(301A) F022  1111000000100010 (  49)                 TRAP  x22
(301B) F025  1111000000100101 (  51)                 TRAP  x25
(301C) 3500  0011010100000000 (  53) Signed          .FILL x3500
(301D) 3501  0011010100000001 (  54) Unsignd         .FILL x3501
(301E) 3502  0011010100000010 (  55) String          .FILL x3502
(301F) 4000  0100000000000000 (  56) List            .FILL x4000
(3020) 0053  0000000001010011 (  57) Pr1             .FILL x0053
(3021) 0069  0000000001101001 (  57)                 .FILL x0069
(3022) 0067  0000000001100111 (  57)                 .FILL x0067
(3023) 006E  0000000001101110 (  57)                 .FILL x006E
(3024) 0065  0000000001100101 (  57)                 .FILL x0065
(3025) 0064  0000000001100100 (  57)                 .FILL x0064
(3026) 0020  0000000000100000 (  57)                 .FILL x0020
(3027) 0069  0000000001101001 (  57)                 .FILL x0069
(3028) 006E  0000000001101110 (  57)                 .FILL x006E
(3029) 0074  0000000001110100 (  57)                 .FILL x0074
(302A) 0065  0000000001100101 (  57)                 .FILL x0065
(302B) 0067  0000000001100111 (  57)                 .FILL x0067
(302C) 0065  0000000001100101 (  57)                 .FILL x0065
(302D) 0072  0000000001110010 (  57)                 .FILL x0072
(302E) 003A  0000000000111010 (  57)                 .FILL x003A
(302F) 0020  0000000000100000 (  57)                 .FILL x0020
(3030) 0000  0000000000000000 (  57)                 .FILL x0000
(3031) 0055  0000000001010101 (  58) Pr2             .FILL x0055
(3032) 006E  0000000001101110 (  58)                 .FILL x006E
(3033) 0073  0000000001110011 (  58)                 .FILL x0073
(3034) 0069  0000000001101001 (  58)                 .FILL x0069
(3035) 0067  0000000001100111 (  58)                 .FILL x0067
(3036) 006E  0000000001101110 (  58)                 .FILL x006E
(3037) 0065  0000000001100101 (  58)                 .FILL x0065
(3038) 0064  0000000001100100 (  58)                 .FILL x0064
(3039) 0020  0000000000100000 (  58)                 .FILL x0020
(303A) 0069  0000000001101001 (  58)                 .FILL x0069
(303B) 006E  0000000001101110 (  58)                 .FILL x006E
(303C) 0074  0000000001110100 (  58)                 .FILL x0074
(303D) 0065  0000000001100101 (  58)                 .FILL x0065
(303E) 0067  0000000001100111 (  58)                 .FILL x0067
(303F) 0065  0000000001100101 (  58)                 .FILL x0065
(3040) 0072  0000000001110010 (  58)                 .FILL x0072
(3041) 003A  0000000000111010 (  58)                 .FILL x003A
(3042) 0020  0000000000100000 (  58)                 .FILL x0020
(3043) 0000  0000000000000000 (  58)                 .FILL x0000
(3044) 0053  0000000001010011 (  59) Pr3             .FILL x0053
(3045) 0074  0000000001110100 (  59)                 .FILL x0074
(3046) 0072  0000000001110010 (  59)                 .FILL x0072
(3047) 0069  0000000001101001 (  59)                 .FILL x0069
(3048) 006E  0000000001101110 (  59)                 .FILL x006E
(3049) 0067  0000000001100111 (  59)                 .FILL x0067
(304A) 003A  0000000000111010 (  59)                 .FILL x003A
(304B) 0020  0000000000100000 (  59)                 .FILL x0020
(304C) 0000  0000000000000000 (  59)                 .FILL x0000
(304D) 004C  0000000001001100 (  60) Pr4             .FILL x004C
(304E) 0069  0000000001101001 (  60)                 .FILL x0069
(304F) 006E  0000000001101110 (  60)                 .FILL x006E
(3050) 006B  0000000001101011 (  60)                 .FILL x006B
(3051) 0065  0000000001100101 (  60)                 .FILL x0065
(3052) 0064  0000000001100100 (  60)                 .FILL x0064
(3053) 0020  0000000000100000 (  60)                 .FILL x0020
(3054) 006C  0000000001101100 (  60)                 .FILL x006C
(3055) 0069  0000000001101001 (  60)                 .FILL x0069
(3056) 0073  0000000001110011 (  60)                 .FILL x0073
(3057) 0074  0000000001110100 (  60)                 .FILL x0074
(3058) 003A  0000000000111010 (  60)                 .FILL x003A
(3059) 0020  0000000000100000 (  60)                 .FILL x0020
(305A) 0000  0000000000000000 (  60)                 .FILL x0000
(305B) 000A  0000000000001010 (  61) Newline         .FILL x000A
(305C) 0000  0000000000000000 (  62)                 .FILL x0000
(305D) 3213  0011001000010011 (  75) PrntList        ST    R1 PrlR1
(305E) 3413  0011010000010011 (  76)                 ST    R2 PrlR2
(305F) 3E13  0011111000010011 (  77)                 ST    R7 PrlR7
(3060) 1420  0001010000100000 (  80)                 ADD   R2 R0 #0
(3061) 14A0  0001010010100000 (  83)                 ADD   R2 R2 #0
(3062) 040A  0000010000001010 (  84)                 BRZ   PrlDone
(3063) 5020  0101000000100000 (  87) PrlLoop         AND   R0 R0 #0
(3064) 1021  0001000000100001 (  88)                 ADD   R0 R0 #1
(3065) 6280  0110001010000000 (  91)                 LDR   R1 R2 #0
(3066) 4828  0100100000101000 (  92)                 JSR   PrntDec
(3067) 6481  0110010010000001 (  95)                 LDR   R2 R2 #1
(3068) 14A0  0001010010100000 (  98)                 ADD   R2 R2 #0
(3069) 0403  0000010000000011 (  99)                 BRZ   PrlDone
(306A) E009  1110000000001001 ( 100)                 LEA   R0 SepStr
(306B) F022  1111000000100010 ( 101)                 TRAP  x22
(306C) 0FF6  0000111111110110 ( 102)                 BRNZP PrlLoop
(306D) 2203  0010001000000011 ( 104) PrlDone         LD    R1 PrlR1
(306E) 2403  0010010000000011 ( 105)                 LD    R2 PrlR2
(306F) 2E03  0010111000000011 ( 106)                 LD    R7 PrlR7
(3070) C1C0  1100000111000000 ( 107)                 RET   
(3071) 0000  0000000000000000 ( 110) PrlR1           .FILL x0000
(3072) 0000  0000000000000000 ( 111) PrlR2           .FILL x0000
(3073) 0000  0000000000000000 ( 112) PrlR7           .FILL x0000
(3074) 002C  0000000000101100 ( 112) SepStr          .FILL x002C
(3075) 0020  0000000000100000 ( 112)                 .FILL x0020
(3076) 0000  0000000000000000 ( 112)                 .FILL x0000
(3077) 3413  0011010000010011 ( 124) DivTen          ST    R2 MTR2
(3078) 3613  0011011000010011 ( 125)                 ST    R3 MTR3
(3079) 3813  0011100000010011 ( 126)                 ST    R4 MTR4
(307A) 1060  0001000001100000 ( 129)                 ADD   R0 R1 #0
(307B) 5260  0101001001100000 ( 132)                 AND   R1 R1 #0
(307C) 2411  0010010000010001 ( 136)                 LD    R2 C10
(307D) 94BF  1001010010111111 ( 137)                 NOT   R2 R2
(307E) 14A1  0001010010100001 ( 138)                 ADD   R2 R2 #1
(307F) 1020  0001000000100000 ( 141) Sub10           ADD   R0 R0 #0
(3080) 0803  0000100000000011 ( 142)                 BRN   DoSub
(3081) 1802  0001100000000010 ( 143)                 ADD   R4 R0 R2
(3082) 0601  0000011000000001 ( 144)                 BRZP  DoSub
(3083) 0E03  0000111000000011 ( 146)                 BRNZP DTDONE
(3084) 1002  0001000000000010 ( 149) DoSub           ADD   R0 R0 R2
(3085) 1261  0001001001100001 ( 150)                 ADD   R1 R1 #1
(3086) 0FF8  0000111111111000 ( 151)                 BRNZP Sub10
(3087) 2403  0010010000000011 ( 154) DTDONE          LD    R2 MTR2
(3088) 2603  0010011000000011 ( 155)                 LD    R3 MTR3
(3089) 2803  0010100000000011 ( 156)                 LD    R4 MTR4
(308A) C1C0  1100000111000000 ( 157)                 RET   
(308B) 0000  0000000000000000 ( 161) MTR2            .FILL x0000
(308C) 0000  0000000000000000 ( 162) MTR3            .FILL x0000
(308D) 0000  0000000000000000 ( 165) MTR4            .FILL x0000
(308E) 000A  0000000000001010 ( 165) C10             .FILL x000A
(308F) 302A  0011000000101010 ( 178) PrntDec         ST    R0 PDR0
(3090) 322A  0011001000101010 ( 179)                 ST    R1 PDR1
(3091) 342A  0011010000101010 ( 180)                 ST    R2 PDR2
(3092) 362A  0011011000101010 ( 181)                 ST    R3 PDR3
(3093) 382A  0011100000101010 ( 182)                 ST    R4 PDR4
(3094) 3E2A  0011111000101010 ( 183)                 ST    R7 PDR7
(3095) E42A  1110010000101010 ( 186)                 LEA   R2 PDBUF
(3096) 2630  0010011000110000 ( 187)                 LD    R3 ZERO
(3097) 5920  0101100100100000 ( 188)                 AND   R4 R4 #0
(3098) 1020  0001000000100000 ( 191)                 ADD   R0 R0 #0
(3099) 0405  0000010000000101 ( 192)                 BRZ   DivLoop
(309A) 1260  0001001001100000 ( 195)                 ADD   R1 R1 #0
(309B) 0603  0000011000000011 ( 196)                 BRZP  DivLoop
(309C) 927F  1001001001111111 ( 197)                 NOT   R1 R1
(309D) 1261  0001001001100001 ( 198)                 ADD   R1 R1 #1
(309E) 1921  0001100100100001 ( 199)                 ADD   R4 R4 #1
(309F) 4FD7  0100111111010111 ( 206) DivLoop         JSR   DivTen
(30A0) 1003  0001000000000011 ( 209)                 ADD   R0 R0 R3
(30A1) 7080  0111000010000000 ( 210)                 STR   R0 R2 #0
(30A2) 14A1  0001010010100001 ( 211)                 ADD   R2 R2 #1
(30A3) 1260  0001001001100000 ( 214)                 ADD   R1 R1 #0
(30A4) 0401  0000010000000001 ( 215)                 BRZ   Print
(30A5) 0FF9  0000111111111001 ( 216)                 BRNZP DivLoop
(30A6) 14BF  0001010010111111 ( 219) Print           ADD   R2 R2 #-1
(30A7) E218  1110001000011000 ( 220)                 LEA   R1 PDBUF
(30A8) 927F  1001001001111111 ( 221)                 NOT   R1 R1
(30A9) 1261  0001001001100001 ( 222)                 ADD   R1 R1 #1
(30AA) 1920  0001100100100000 ( 225)                 ADD   R4 R4 #0
(30AB) 0402  0000010000000010 ( 226)                 BRZ   PrLoop
(30AC) 201B  0010000000011011 ( 227)                 LD    R0 NegSign
(30AD) F021  1111000000100001 ( 228)                 TRAP  x21
(30AE) 6080  0110000010000000 ( 231) PrLoop          LDR   R0 R2 #0
(30AF) F021  1111000000100001 ( 232)                 TRAP  x21
(30B0) 14BF  0001010010111111 ( 233)                 ADD   R2 R2 #-1
(30B1) 1681  0001011010000001 ( 236)                 ADD   R3 R2 R1
(30B2) 07FB  0000011111111011 ( 237)                 BRZP  PrLoop
(30B3) 2006  0010000000000110 ( 240)                 LD    R0 PDR0
(30B4) 2206  0010001000000110 ( 241)                 LD    R1 PDR1
(30B5) 2406  0010010000000110 ( 242)                 LD    R2 PDR2
(30B6) 2606  0010011000000110 ( 243)                 LD    R3 PDR3
(30B7) 2806  0010100000000110 ( 244)                 LD    R4 PDR4
(30B8) 2E06  0010111000000110 ( 245)                 LD    R7 PDR7
(30B9) C1C0  1100000111000000 ( 246)                 RET   
(30BA) 0000  0000000000000000 ( 249) PDR0            .FILL x0000
(30BB) 0000  0000000000000000 ( 250) PDR1            .FILL x0000
(30BC) 0000  0000000000000000 ( 251) PDR2            .FILL x0000
(30BD) 0000  0000000000000000 ( 252) PDR3            .FILL x0000
(30BE) 0000  0000000000000000 ( 253) PDR4            .FILL x0000
(30BF) 0000  0000000000000000 ( 255) PDR7            .FILL x0000
(30C0) 0000  0000000000000000 ( 256) PDBUF           .FILL x0000
(30C1) 0000  0000000000000000 ( 256)                 .FILL x0000
(30C2) 0000  0000000000000000 ( 256)                 .FILL x0000
(30C3) 0000  0000000000000000 ( 256)                 .FILL x0000
(30C4) 0000  0000000000000000 ( 256)                 .FILL x0000
(30C5) 0000  0000000000000000 ( 256)                 .FILL x0000
(30C6) 0000  0000000000000000 ( 256)                 .FILL x0000
(30C7) 0030  0000000000110000 ( 256) ZERO            .FILL x0030
(30C8) 002D  0000000000101101 ( 257) NegSign         .FILL x002D
